<?xml version="1.0" encoding="UTF-8"?>
<testsuite xmlns:xsi="http://www.w3.org/2001/XMLSchema-instance" xsi:noNamespaceSchemaLocation="https://maven.apache.org/surefire/maven-surefire-plugin/xsd/surefire-test-report.xsd" version="3.0.2" name="api.CreateCustomerTest" time="1.149" tests="2" errors="0" skipped="0" failures="0">
  <properties>
[...]
</properties>
  <testcase name="createCustomer_withInvalidUsername_returns400" classname="api.CreateCustomerTest" time="0.386"/>
  <testcase name="createCustomer_withValidData_returns200" classname="api.CreateCustomerTest" time="0.063"/>
</testsuite>